DAISY 2.0/app/build/intermediates/manifest_merge_blame_file/debug/processDebugMainManifest/manifest-merger-blame-debug-report.txt
1<?xml version="1.0" encoding="utf-8"?>
2<manifest xmlns:android="http://schemas.android.com/apk/res/android"
3    xmlns:dist="http://schemas.android.com/apk/distribution"
4    package="com.example.daisy"
5    android:versionCode="1"
6    android:versionName="1.0" >
7
8    <uses-sdk
9        android:minSdkVersion="26"
10        android:targetSdkVersion="34" />
11    <!-- Add required permissions here -->
12    <uses-permission android:name="android.permission.INTERNET" />
12-->src\main\AndroidManifest.xml:6:5-67
12-->src\main\AndroidManifest.xml:6:22-64
13    <uses-permission android:name="android.permission.ACCESS_FINE_LOCATION" />
13-->src\main\AndroidManifest.xml:7:5-79
13-->src\main\AndroidManifest.xml:7:22-76
14    <uses-permission android:name="android.permission.ACCESS_COARSE_LOCATION" />
14-->src\main\AndroidManifest.xml:8:5-81
14-->src\main\AndroidManifest.xml:8:22-78
15    <uses-permission android:name="android.permission.RECORD_AUDIO" /> <!-- Enable instant app support -->
15-->src\main\AndroidManifest.xml:9:5-71
15-->src\main\AndroidManifest.xml:9:22-68
16    <dist:module dist:instant="true" /> <!-- Declare features -->
16-->src\main\AndroidManifest.xml:10:5-40
16-->src\main\AndroidManifest.xml:10:18-37
17    <uses-feature android:name="android.hardware.camera" /> <!-- Declare permissions -->
17-->src\main\AndroidManifest.xml:11:5-60
17-->src\main\AndroidManifest.xml:11:19-57
18    <uses-permission android:name="android.permission.CAMERA" />
18-->src\main\AndroidManifest.xml:12:5-65
18-->src\main\AndroidManifest.xml:12:22-62
19    <uses-permission
19-->src\main\AndroidManifest.xml:13:5-15:38
20        android:name="android.permission.READ_EXTERNAL_STORAGE"
20-->src\main\AndroidManifest.xml:14:9-64
21        android:maxSdkVersion="32" />
21-->src\main\AndroidManifest.xml:15:9-35
22    <uses-permission android:name="android.permission.ACCESS_WIFI_STATE" />
22-->[com.google.android.libraries.places:places:4.1.0] AndroidManifest.xml:11:5-76
22-->[com.google.android.libraries.places:places:4.1.0] AndroidManifest.xml:11:22-73
23    <uses-permission android:name="android.permission.ACCESS_NETWORK_STATE" />
23-->[com.google.firebase:firebase-auth:23.2.0] AndroidManifest.xml:26:5-79
23-->[com.google.firebase:firebase-auth:23.2.0] AndroidManifest.xml:26:22-76
24
25    <uses-feature
25-->[com.google.android.gms:play-services-maps:19.1.0] AndroidManifest.xml:22:5-24:33
26        android:glEsVersion="0x00020000"
26-->[com.google.android.gms:play-services-maps:19.1.0] AndroidManifest.xml:23:8-40
27        android:required="true" />
27-->[com.google.android.gms:play-services-maps:19.1.0] AndroidManifest.xml:24:8-31
28
29    <queries>
29-->[com.google.android.gms:play-services-maps:19.1.0] AndroidManifest.xml:27:5-30:15
30
31        <!-- Needs to be explicitly declared on Android R+ -->
32        <package android:name="com.google.android.apps.maps" />
32-->[com.google.android.gms:play-services-maps:19.1.0] AndroidManifest.xml:29:7-61
32-->[com.google.android.gms:play-services-maps:19.1.0] AndroidManifest.xml:29:16-59
33    </queries>
34
35    <uses-permission android:name="com.google.android.providers.gsf.permission.READ_GSERVICES" />
35-->[com.google.android.recaptcha:recaptcha:18.6.1] AndroidManifest.xml:9:5-98
35-->[com.google.android.recaptcha:recaptcha:18.6.1] AndroidManifest.xml:9:22-95
36    <uses-permission android:name="android.permission.WAKE_LOCK" />
36-->[com.google.android.gms:play-services-measurement-api:21.1.0] AndroidManifest.xml:24:5-68
36-->[com.google.android.gms:play-services-measurement-api:21.1.0] AndroidManifest.xml:24:22-65
37    <uses-permission android:name="com.google.android.gms.permission.AD_ID" />
37-->[com.google.android.gms:play-services-measurement-api:21.1.0] AndroidManifest.xml:25:5-79
37-->[com.google.android.gms:play-services-measurement-api:21.1.0] AndroidManifest.xml:25:22-76
38    <uses-permission android:name="android.permission.RECEIVE_BOOT_COMPLETED" />
38-->[androidx.work:work-runtime:2.9.0] AndroidManifest.xml:25:5-81
38-->[androidx.work:work-runtime:2.9.0] AndroidManifest.xml:25:22-78
39    <uses-permission android:name="android.permission.FOREGROUND_SERVICE" />
39-->[androidx.work:work-runtime:2.9.0] AndroidManifest.xml:26:5-77
39-->[androidx.work:work-runtime:2.9.0] AndroidManifest.xml:26:22-74
40    <uses-permission android:name="com.google.android.finsky.permission.BIND_GET_INSTALL_REFERRER_SERVICE" />
40-->[com.google.android.gms:play-services-measurement:21.1.0] AndroidManifest.xml:26:5-110
40-->[com.google.android.gms:play-services-measurement:21.1.0] AndroidManifest.xml:26:22-107
41
42    <permission
42-->[androidx.core:core:1.15.0] AndroidManifest.xml:22:5-24:47
43        android:name="com.example.daisy.DYNAMIC_RECEIVER_NOT_EXPORTED_PERMISSION"
43-->[androidx.core:core:1.15.0] AndroidManifest.xml:23:9-81
44        android:protectionLevel="signature" />
44-->[androidx.core:core:1.15.0] AndroidManifest.xml:24:9-44
45
46    <uses-permission android:name="com.example.daisy.DYNAMIC_RECEIVER_NOT_EXPORTED_PERMISSION" />
46-->[androidx.core:core:1.15.0] AndroidManifest.xml:26:5-97
46-->[androidx.core:core:1.15.0] AndroidManifest.xml:26:22-94
47
48    <application
48-->src\main\AndroidManifest.xml:17:5-84:19
49        android:allowBackup="true"
49-->src\main\AndroidManifest.xml:18:9-35
50        android:appComponentFactory="androidx.core.app.CoreComponentFactory"
50-->[androidx.core:core:1.15.0] AndroidManifest.xml:28:18-86
51        android:dataExtractionRules="@xml/data_extraction_rules"
51-->src\main\AndroidManifest.xml:19:9-65
52        android:debuggable="true"
53        android:extractNativeLibs="false"
54        android:fullBackupContent="@xml/backup_rules"
54-->src\main\AndroidManifest.xml:20:9-54
55        android:icon="@mipmap/logo"
55-->src\main\AndroidManifest.xml:21:9-36
56        android:label="@string/app_name"
56-->src\main\AndroidManifest.xml:22:9-41
57        android:roundIcon="@mipmap/ic_launcher_round"
57-->src\main\AndroidManifest.xml:23:9-54
58        android:supportsRtl="true"
58-->src\main\AndroidManifest.xml:24:9-35
59        android:testOnly="true"
60        android:theme="@style/Theme.GestureRecognizer" >
60-->src\main\AndroidManifest.xml:25:9-55
61        <activity
61-->src\main\AndroidManifest.xml:27:9-29:40
62            android:name="com.example.daisy.HistoryActivity"
62-->src\main\AndroidManifest.xml:28:13-44
63            android:exported="false" />
63-->src\main\AndroidManifest.xml:29:13-37
64        <activity
64-->src\main\AndroidManifest.xml:30:9-32:38
65            android:name="com.example.daisy.WordsActivity"
65-->src\main\AndroidManifest.xml:31:13-42
66            android:exported="true" />
66-->src\main\AndroidManifest.xml:32:13-36
67        <activity
67-->src\main\AndroidManifest.xml:33:9-35:39
68            android:name="com.example.daisy.DashboardActivity"
68-->src\main\AndroidManifest.xml:34:13-46
69            android:exported="true" />
69-->src\main\AndroidManifest.xml:35:13-36
70        <activity
70-->src\main\AndroidManifest.xml:36:9-38:40
71            android:name="com.example.daisy.MainActivity2"
71-->src\main\AndroidManifest.xml:37:13-42
72            android:exported="false" />
72-->src\main\AndroidManifest.xml:38:13-37
73        <activity
73-->src\main\AndroidManifest.xml:39:9-41:40
74            android:name="com.example.daisy.LettersActivity"
74-->src\main\AndroidManifest.xml:40:13-44
75            android:exported="false" />
75-->src\main\AndroidManifest.xml:41:13-37
76        <activity
76-->src\main\AndroidManifest.xml:42:9-44:40
77            android:name="com.example.daisy.NumbersActivity"
77-->src\main\AndroidManifest.xml:43:13-44
78            android:exported="false" />
78-->src\main\AndroidManifest.xml:44:13-37
79        <activity
79-->src\main\AndroidManifest.xml:45:9-47:40
80            android:name="com.example.daisy.SignActivity"
80-->src\main\AndroidManifest.xml:46:13-41
81            android:exported="false" />
81-->src\main\AndroidManifest.xml:47:13-37
82        <activity
82-->src\main\AndroidManifest.xml:48:9-50:40
83            android:name="com.example.daisy.QuizActivity"
83-->src\main\AndroidManifest.xml:49:13-41
84            android:exported="false" />
84-->src\main\AndroidManifest.xml:50:13-37
85        <activity
85-->src\main\AndroidManifest.xml:51:9-53:40
86            android:name="com.example.daisy.LettersQuizActivity"
86-->src\main\AndroidManifest.xml:52:13-48
87            android:exported="false" />
87-->src\main\AndroidManifest.xml:53:13-37
88        <activity
88-->src\main\AndroidManifest.xml:54:9-56:40
89            android:name="com.example.daisy.NumbersQuizActivity"
89-->src\main\AndroidManifest.xml:55:13-48
90            android:exported="false" />
90-->src\main\AndroidManifest.xml:56:13-37
91        <activity
91-->src\main\AndroidManifest.xml:57:9-59:40
92            android:name="com.example.daisy.WordsQuizActivity"
92-->src\main\AndroidManifest.xml:58:13-46
93            android:exported="false" />
93-->src\main\AndroidManifest.xml:59:13-37
94        <activity
94-->src\main\AndroidManifest.xml:60:9-68:20
95            android:name="com.example.daisy.SplashScreenActivity"
95-->src\main\AndroidManifest.xml:61:13-49
96            android:exported="true" >
96-->src\main\AndroidManifest.xml:62:13-36
97            <intent-filter>
97-->src\main\AndroidManifest.xml:63:13-67:29
98                <action android:name="android.intent.action.MAIN" />
98-->src\main\AndroidManifest.xml:64:17-69
98-->src\main\AndroidManifest.xml:64:25-66
99
100                <category android:name="android.intent.category.LAUNCHER" />
100-->src\main\AndroidManifest.xml:66:17-77
100-->src\main\AndroidManifest.xml:66:27-74
101            </intent-filter>
102        </activity>
103        <activity
103-->src\main\AndroidManifest.xml:69:9-71:40
104            android:name="com.example.daisy.SignUpActivity"
104-->src\main\AndroidManifest.xml:70:13-43
105            android:exported="false" />
105-->src\main\AndroidManifest.xml:71:13-37
106        <activity
106-->src\main\AndroidManifest.xml:72:9-74:38
107            android:name="com.example.daisy.LoginActivity"
107-->src\main\AndroidManifest.xml:73:13-42
108            android:exported="true" />
108-->src\main\AndroidManifest.xml:74:13-36
109        <activity android:name="com.example.daisy.UserProfileActivity" />
109-->src\main\AndroidManifest.xml:75:9-57
109-->src\main\AndroidManifest.xml:75:19-54
110        <activity android:name="com.example.daisy.EditProfileActivity" />
110-->src\main\AndroidManifest.xml:76:9-57
110-->src\main\AndroidManifest.xml:76:19-54
111        <activity
111-->src\main\AndroidManifest.xml:77:9-79:39
112            android:name="com.example.daisy.MainActivity"
112-->src\main\AndroidManifest.xml:78:13-41
113            android:exported="true" />
113-->src\main\AndroidManifest.xml:79:13-36
114
115        <meta-data
115-->src\main\AndroidManifest.xml:81:9-83:71
116            android:name="com.google.android.geo.API_KEY"
116-->src\main\AndroidManifest.xml:82:13-58
117            android:value="AIzaSyBJm_dHDQyxruXYJfX7N4QDkP0OywrdaQk" />
117-->src\main\AndroidManifest.xml:83:13-68
118
119        <activity
119-->[com.google.android.libraries.places:places:4.1.0] AndroidManifest.xml:15:9-21:20
120            android:name="com.google.android.libraries.places.widget.AutocompleteActivity"
120-->[com.google.android.libraries.places:places:4.1.0] AndroidManifest.xml:16:13-91
121            android:exported="false"
121-->[com.google.android.libraries.places:places:4.1.0] AndroidManifest.xml:17:13-37
122            android:label="@string/places_autocomplete_label"
122-->[com.google.android.libraries.places:places:4.1.0] AndroidManifest.xml:18:13-62
123            android:theme="@style/PlacesAutocompleteOverlay"
123-->[com.google.android.libraries.places:places:4.1.0] AndroidManifest.xml:19:13-61
124            android:windowSoftInputMode="adjustResize" >
124-->[com.google.android.libraries.places:places:4.1.0] AndroidManifest.xml:20:13-55
125        </activity>
126
127        <service
127-->[androidx.camera:camera-camera2:1.4.1] AndroidManifest.xml:24:9-33:19
128            android:name="androidx.camera.core.impl.MetadataHolderService"
128-->[androidx.camera:camera-camera2:1.4.1] AndroidManifest.xml:25:13-75
129            android:enabled="false"
129-->[androidx.camera:camera-camera2:1.4.1] AndroidManifest.xml:26:13-36
130            android:exported="false" >
130-->[androidx.camera:camera-camera2:1.4.1] AndroidManifest.xml:27:13-37
131            <meta-data
131-->[androidx.camera:camera-camera2:1.4.1] AndroidManifest.xml:30:13-32:89
132                android:name="androidx.camera.core.impl.MetadataHolderService.DEFAULT_CONFIG_PROVIDER"
132-->[androidx.camera:camera-camera2:1.4.1] AndroidManifest.xml:31:17-103
133                android:value="androidx.camera.camera2.Camera2Config$DefaultProvider" />
133-->[androidx.camera:camera-camera2:1.4.1] AndroidManifest.xml:32:17-86
134        </service>
135
136        <activity
136-->[com.google.firebase:firebase-auth:23.2.0] AndroidManifest.xml:29:9-46:20
137            android:name="com.google.firebase.auth.internal.GenericIdpActivity"
137-->[com.google.firebase:firebase-auth:23.2.0] AndroidManifest.xml:30:13-80
138            android:excludeFromRecents="true"
138-->[com.google.firebase:firebase-auth:23.2.0] AndroidManifest.xml:31:13-46
139            android:exported="true"
139-->[com.google.firebase:firebase-auth:23.2.0] AndroidManifest.xml:32:13-36
140            android:launchMode="singleTask"
140-->[com.google.firebase:firebase-auth:23.2.0] AndroidManifest.xml:33:13-44
141            android:theme="@android:style/Theme.Translucent.NoTitleBar" >
141-->[com.google.firebase:firebase-auth:23.2.0] AndroidManifest.xml:34:13-72
142            <intent-filter>
142-->[com.google.firebase:firebase-auth:23.2.0] AndroidManifest.xml:35:13-45:29
143                <action android:name="android.intent.action.VIEW" />
143-->[com.google.firebase:firebase-auth:23.2.0] AndroidManifest.xml:36:17-69
143-->[com.google.firebase:firebase-auth:23.2.0] AndroidManifest.xml:36:25-66
144
145                <category android:name="android.intent.category.DEFAULT" />
145-->[com.google.firebase:firebase-auth:23.2.0] AndroidManifest.xml:38:17-76
145-->[com.google.firebase:firebase-auth:23.2.0] AndroidManifest.xml:38:27-73
146                <category android:name="android.intent.category.BROWSABLE" />
146-->[com.google.firebase:firebase-auth:23.2.0] AndroidManifest.xml:39:17-78
146-->[com.google.firebase:firebase-auth:23.2.0] AndroidManifest.xml:39:27-75
147
148                <data
148-->[com.google.firebase:firebase-auth:23.2.0] AndroidManifest.xml:41:17-44:51
149                    android:host="firebase.auth"
149-->[com.google.firebase:firebase-auth:23.2.0] AndroidManifest.xml:42:21-49
150                    android:path="/"
150-->[com.google.firebase:firebase-auth:23.2.0] AndroidManifest.xml:43:21-37
151                    android:scheme="genericidp" />
151-->[com.google.firebase:firebase-auth:23.2.0] AndroidManifest.xml:44:21-48
152            </intent-filter>
153        </activity>
154        <activity
154-->[com.google.firebase:firebase-auth:23.2.0] AndroidManifest.xml:47:9-64:20
155            android:name="com.google.firebase.auth.internal.RecaptchaActivity"
155-->[com.google.firebase:firebase-auth:23.2.0] AndroidManifest.xml:48:13-79
156            android:excludeFromRecents="true"
156-->[com.google.firebase:firebase-auth:23.2.0] AndroidManifest.xml:49:13-46
157            android:exported="true"
157-->[com.google.firebase:firebase-auth:23.2.0] AndroidManifest.xml:50:13-36
158            android:launchMode="singleTask"
158-->[com.google.firebase:firebase-auth:23.2.0] AndroidManifest.xml:51:13-44
159            android:theme="@android:style/Theme.Translucent.NoTitleBar" >
159-->[com.google.firebase:firebase-auth:23.2.0] AndroidManifest.xml:52:13-72
160            <intent-filter>
160-->[com.google.firebase:firebase-auth:23.2.0] AndroidManifest.xml:53:13-63:29
161                <action android:name="android.intent.action.VIEW" />
161-->[com.google.firebase:firebase-auth:23.2.0] AndroidManifest.xml:36:17-69
161-->[com.google.firebase:firebase-auth:23.2.0] AndroidManifest.xml:36:25-66
162
163                <category android:name="android.intent.category.DEFAULT" />
163-->[com.google.firebase:firebase-auth:23.2.0] AndroidManifest.xml:38:17-76
163-->[com.google.firebase:firebase-auth:23.2.0] AndroidManifest.xml:38:27-73
164                <category android:name="android.intent.category.BROWSABLE" />
164-->[com.google.firebase:firebase-auth:23.2.0] AndroidManifest.xml:39:17-78
164-->[com.google.firebase:firebase-auth:23.2.0] AndroidManifest.xml:39:27-75
165
166                <data
166-->[com.google.firebase:firebase-auth:23.2.0] AndroidManifest.xml:41:17-44:51
167                    android:host="firebase.auth"
167-->[com.google.firebase:firebase-auth:23.2.0] AndroidManifest.xml:42:21-49
168                    android:path="/"
168-->[com.google.firebase:firebase-auth:23.2.0] AndroidManifest.xml:43:21-37
169                    android:scheme="recaptcha" />
169-->[com.google.firebase:firebase-auth:23.2.0] AndroidManifest.xml:44:21-48
170            </intent-filter>
171        </activity>
172
173        <service
173-->[com.google.firebase:firebase-auth:23.2.0] AndroidManifest.xml:66:9-72:19
174            android:name="com.google.firebase.components.ComponentDiscoveryService"
174-->[com.google.firebase:firebase-auth:23.2.0] AndroidManifest.xml:67:13-84
175            android:directBootAware="true"
175-->[com.google.firebase:firebase-common:21.0.0] AndroidManifest.xml:32:13-43
176            android:exported="false" >
176-->[com.google.firebase:firebase-auth:23.2.0] AndroidManifest.xml:68:13-37
177            <meta-data
177-->[com.google.firebase:firebase-auth:23.2.0] AndroidManifest.xml:69:13-71:85
178                android:name="com.google.firebase.components:com.google.firebase.auth.FirebaseAuthRegistrar"
178-->[com.google.firebase:firebase-auth:23.2.0] AndroidManifest.xml:70:17-109
179                android:value="com.google.firebase.components.ComponentRegistrar" />
179-->[com.google.firebase:firebase-auth:23.2.0] AndroidManifest.xml:71:17-82
180            <meta-data
180-->[com.google.firebase:firebase-storage:20.3.0] AndroidManifest.xml:30:13-32:85
181                android:name="com.google.firebase.components:com.google.firebase.storage.FirebaseStorageKtxRegistrar"
181-->[com.google.firebase:firebase-storage:20.3.0] AndroidManifest.xml:31:17-118
182                android:value="com.google.firebase.components.ComponentRegistrar" />
182-->[com.google.firebase:firebase-storage:20.3.0] AndroidManifest.xml:32:17-82
183            <meta-data
183-->[com.google.firebase:firebase-storage:20.3.0] AndroidManifest.xml:33:13-35:85
184                android:name="com.google.firebase.components:com.google.firebase.storage.StorageRegistrar"
184-->[com.google.firebase:firebase-storage:20.3.0] AndroidManifest.xml:34:17-107
185                android:value="com.google.firebase.components.ComponentRegistrar" />
185-->[com.google.firebase:firebase-storage:20.3.0] AndroidManifest.xml:35:17-82
186            <meta-data
186-->[com.google.firebase:firebase-appcheck:17.1.0] AndroidManifest.xml:25:13-27:85
187                android:name="com.google.firebase.components:com.google.firebase.appcheck.FirebaseAppCheckKtxRegistrar"
187-->[com.google.firebase:firebase-appcheck:17.1.0] AndroidManifest.xml:26:17-120
188                android:value="com.google.firebase.components.ComponentRegistrar" />
188-->[com.google.firebase:firebase-appcheck:17.1.0] AndroidManifest.xml:27:17-82
189            <meta-data
189-->[com.google.firebase:firebase-appcheck:17.1.0] AndroidManifest.xml:28:13-30:85
190                android:name="com.google.firebase.components:com.google.firebase.appcheck.FirebaseAppCheckRegistrar"
190-->[com.google.firebase:firebase-appcheck:17.1.0] AndroidManifest.xml:29:17-117
191                android:value="com.google.firebase.components.ComponentRegistrar" />
191-->[com.google.firebase:firebase-appcheck:17.1.0] AndroidManifest.xml:30:17-82
192            <meta-data
192-->[com.google.firebase:firebase-common-ktx:21.0.0] AndroidManifest.xml:12:13-14:85
193                android:name="com.google.firebase.components:com.google.firebase.ktx.FirebaseCommonLegacyRegistrar"
193-->[com.google.firebase:firebase-common-ktx:21.0.0] AndroidManifest.xml:13:17-116
194                android:value="com.google.firebase.components.ComponentRegistrar" />
194-->[com.google.firebase:firebase-common-ktx:21.0.0] AndroidManifest.xml:14:17-82
195            <meta-data
195-->[com.google.android.gms:play-services-measurement-api:21.1.0] AndroidManifest.xml:31:13-33:85
196                android:name="com.google.firebase.components:com.google.firebase.analytics.connector.internal.AnalyticsConnectorRegistrar"
196-->[com.google.android.gms:play-services-measurement-api:21.1.0] AndroidManifest.xml:32:17-139
197                android:value="com.google.firebase.components.ComponentRegistrar" />
197-->[com.google.android.gms:play-services-measurement-api:21.1.0] AndroidManifest.xml:33:17-82
198            <meta-data
198-->[com.google.firebase:firebase-installations:17.0.1] AndroidManifest.xml:18:13-20:85
199                android:name="com.google.firebase.components:com.google.firebase.installations.FirebaseInstallationsRegistrar"
199-->[com.google.firebase:firebase-installations:17.0.1] AndroidManifest.xml:19:17-127
200                android:value="com.google.firebase.components.ComponentRegistrar" />
200-->[com.google.firebase:firebase-installations:17.0.1] AndroidManifest.xml:20:17-82
201            <meta-data
201-->[com.google.firebase:firebase-common:21.0.0] AndroidManifest.xml:35:13-37:85
202                android:name="com.google.firebase.components:com.google.firebase.FirebaseCommonKtxRegistrar"
202-->[com.google.firebase:firebase-common:21.0.0] AndroidManifest.xml:36:17-109
203                android:value="com.google.firebase.components.ComponentRegistrar" />
203-->[com.google.firebase:firebase-common:21.0.0] AndroidManifest.xml:37:17-82
204        </service> <!-- Needs to be explicitly declared on P+ -->
205        <uses-library
205-->[com.google.android.gms:play-services-maps:19.1.0] AndroidManifest.xml:33:7-86
206            android:name="org.apache.http.legacy"
206-->[com.google.android.gms:play-services-maps:19.1.0] AndroidManifest.xml:33:21-58
207            android:required="false" />
207-->[com.google.android.gms:play-services-maps:19.1.0] AndroidManifest.xml:33:59-83
208
209        <service
209-->[androidx.credentials:credentials-play-services-auth:1.2.0-rc01] AndroidManifest.xml:24:9-32:19
210            android:name="androidx.credentials.playservices.CredentialProviderMetadataHolder"
210-->[androidx.credentials:credentials-play-services-auth:1.2.0-rc01] AndroidManifest.xml:25:13-94
211            android:enabled="true"
211-->[androidx.credentials:credentials-play-services-auth:1.2.0-rc01] AndroidManifest.xml:26:13-35
212            android:exported="false" >
212-->[androidx.credentials:credentials-play-services-auth:1.2.0-rc01] AndroidManifest.xml:27:13-37
213            <meta-data
213-->[androidx.credentials:credentials-play-services-auth:1.2.0-rc01] AndroidManifest.xml:29:13-31:104
214                android:name="androidx.credentials.CREDENTIAL_PROVIDER_KEY"
214-->[androidx.credentials:credentials-play-services-auth:1.2.0-rc01] AndroidManifest.xml:30:17-76
215                android:value="androidx.credentials.playservices.CredentialProviderPlayServicesImpl" />
215-->[androidx.credentials:credentials-play-services-auth:1.2.0-rc01] AndroidManifest.xml:31:17-101
216        </service>
217
218        <activity
218-->[androidx.credentials:credentials-play-services-auth:1.2.0-rc01] AndroidManifest.xml:34:9-41:20
219            android:name="androidx.credentials.playservices.HiddenActivity"
219-->[androidx.credentials:credentials-play-services-auth:1.2.0-rc01] AndroidManifest.xml:35:13-76
220            android:configChanges="orientation|screenSize|screenLayout|keyboardHidden"
220-->[androidx.credentials:credentials-play-services-auth:1.2.0-rc01] AndroidManifest.xml:36:13-87
221            android:enabled="true"
221-->[androidx.credentials:credentials-play-services-auth:1.2.0-rc01] AndroidManifest.xml:37:13-35
222            android:exported="false"
222-->[androidx.credentials:credentials-play-services-auth:1.2.0-rc01] AndroidManifest.xml:38:13-37
223            android:fitsSystemWindows="true"
223-->[androidx.credentials:credentials-play-services-auth:1.2.0-rc01] AndroidManifest.xml:39:13-45
224            android:theme="@style/Theme.Hidden" >
224-->[androidx.credentials:credentials-play-services-auth:1.2.0-rc01] AndroidManifest.xml:40:13-48
225        </activity>
226        <activity
226-->[com.google.android.gms:play-services-auth:20.7.0] AndroidManifest.xml:23:9-27:75
227            android:name="com.google.android.gms.auth.api.signin.internal.SignInHubActivity"
227-->[com.google.android.gms:play-services-auth:20.7.0] AndroidManifest.xml:24:13-93
228            android:excludeFromRecents="true"
228-->[com.google.android.gms:play-services-auth:20.7.0] AndroidManifest.xml:25:13-46
229            android:exported="false"
229-->[com.google.android.gms:play-services-auth:20.7.0] AndroidManifest.xml:26:13-37
230            android:theme="@android:style/Theme.Translucent.NoTitleBar" />
230-->[com.google.android.gms:play-services-auth:20.7.0] AndroidManifest.xml:27:13-72
231        <!--
232            Service handling Google Sign-In user revocation. For apps that do not integrate with
233            Google Sign-In, this service will never be started.
234        -->
235        <service
235-->[com.google.android.gms:play-services-auth:20.7.0] AndroidManifest.xml:33:9-37:51
236            android:name="com.google.android.gms.auth.api.signin.RevocationBoundService"
236-->[com.google.android.gms:play-services-auth:20.7.0] AndroidManifest.xml:34:13-89
237            android:exported="true"
237-->[com.google.android.gms:play-services-auth:20.7.0] AndroidManifest.xml:35:13-36
238            android:permission="com.google.android.gms.auth.api.signin.permission.REVOCATION_NOTIFICATION"
238-->[com.google.android.gms:play-services-auth:20.7.0] AndroidManifest.xml:36:13-107
239            android:visibleToInstantApps="true" />
239-->[com.google.android.gms:play-services-auth:20.7.0] AndroidManifest.xml:37:13-48
240
241        <provider
241-->[com.google.firebase:firebase-common:21.0.0] AndroidManifest.xml:23:9-28:39
242            android:name="com.google.firebase.provider.FirebaseInitProvider"
242-->[com.google.firebase:firebase-common:21.0.0] AndroidManifest.xml:24:13-77
243            android:authorities="com.example.daisy.firebaseinitprovider"
243-->[com.google.firebase:firebase-common:21.0.0] AndroidManifest.xml:25:13-72
244            android:directBootAware="true"
244-->[com.google.firebase:firebase-common:21.0.0] AndroidManifest.xml:26:13-43
245            android:exported="false"
245-->[com.google.firebase:firebase-common:21.0.0] AndroidManifest.xml:27:13-37
246            android:initOrder="100" />
246-->[com.google.firebase:firebase-common:21.0.0] AndroidManifest.xml:28:13-36
247
248        <activity
248-->[com.google.android.gms:play-services-base:18.5.0] AndroidManifest.xml:5:9-173
249            android:name="com.google.android.gms.common.api.GoogleApiActivity"
249-->[com.google.android.gms:play-services-base:18.5.0] AndroidManifest.xml:5:19-85
250            android:exported="false"
250-->[com.google.android.gms:play-services-base:18.5.0] AndroidManifest.xml:5:146-170
251            android:theme="@android:style/Theme.Translucent.NoTitleBar" />
251-->[com.google.android.gms:play-services-base:18.5.0] AndroidManifest.xml:5:86-145
252
253        <uses-library
253-->[androidx.window:window:1.3.0] AndroidManifest.xml:23:9-25:40
254            android:name="androidx.window.extensions"
254-->[androidx.window:window:1.3.0] AndroidManifest.xml:24:13-54
255            android:required="false" />
255-->[androidx.window:window:1.3.0] AndroidManifest.xml:25:13-37
256        <uses-library
256-->[androidx.window:window:1.3.0] AndroidManifest.xml:26:9-28:40
257            android:name="androidx.window.sidecar"
257-->[androidx.window:window:1.3.0] AndroidManifest.xml:27:13-51
258            android:required="false" />
258-->[androidx.window:window:1.3.0] AndroidManifest.xml:28:13-37
259
260        <provider
260-->[androidx.work:work-runtime:2.9.0] AndroidManifest.xml:29:9-37:20
261            android:name="androidx.startup.InitializationProvider"
261-->[androidx.work:work-runtime:2.9.0] AndroidManifest.xml:30:13-67
262            android:authorities="com.example.daisy.androidx-startup"
262-->[androidx.work:work-runtime:2.9.0] AndroidManifest.xml:31:13-68
263            android:exported="false" >
263-->[androidx.work:work-runtime:2.9.0] AndroidManifest.xml:32:13-37
264            <meta-data
264-->[androidx.work:work-runtime:2.9.0] AndroidManifest.xml:34:13-36:52
265                android:name="androidx.work.WorkManagerInitializer"
265-->[androidx.work:work-runtime:2.9.0] AndroidManifest.xml:35:17-68
266                android:value="androidx.startup" />
266-->[androidx.work:work-runtime:2.9.0] AndroidManifest.xml:36:17-49
267            <meta-data
267-->[androidx.emoji2:emoji2:1.3.0] AndroidManifest.xml:29:13-31:52
268                android:name="androidx.emoji2.text.EmojiCompatInitializer"
268-->[androidx.emoji2:emoji2:1.3.0] AndroidManifest.xml:30:17-75
269                android:value="androidx.startup" />
269-->[androidx.emoji2:emoji2:1.3.0] AndroidManifest.xml:31:17-49
270            <meta-data
270-->[androidx.lifecycle:lifecycle-process:2.6.2] AndroidManifest.xml:29:13-31:52
271                android:name="androidx.lifecycle.ProcessLifecycleInitializer"